Performing C SOURCE FILE Test CMAKE_HAVE_LIBC_PTHREAD failed with the following output:
Change Dir: /home/will/Tutorial_to_UR5e/catkin_ws/build/CMakeFiles/CMakeTmp

Run Build Command(s):/usr/bin/make cmTC_33715/fast && /usr/bin/make -f CMakeFiles/cmTC_33715.dir/build.make CMakeFiles/cmTC_33715.dir/build
make[1]: 进入目录“/home/will/Tutorial_to_UR5e/catkin_ws/build/CMakeFiles/CMakeTmp”
Building C object CMakeFiles/cmTC_33715.dir/src.c.o
/usr/bin/cc   -DCMAKE_HAVE_LIBC_PTHREAD   -o CMakeFiles/cmTC_33715.dir/src.c.o   -c /home/will/Tutorial_to_UR5e/catkin_ws/build/CMakeFiles/CMakeTmp/src.c
Linking C executable cmTC_33715
/usr/bin/cmake -E cmake_link_script CMakeFiles/cmTC_33715.dir/link.txt --verbose=1
/usr/bin/cc  -DCMAKE_HAVE_LIBC_PTHREAD    -rdynamic CMakeFiles/cmTC_33715.dir/src.c.o  -o cmTC_33715 
/usr/bin/ld: CMakeFiles/cmTC_33715.dir/src.c.o: in function `main':
src.c:(.text+0x46): undefined reference to `pthread_create'
/usr/bin/ld: src.c:(.text+0x52): undefined reference to `pthread_detach'
/usr/bin/ld: src.c:(.text+0x63): undefined reference to `pthread_join'
collect2: error: ld returned 1 exit status
make[1]: *** [CMakeFiles/cmTC_33715.dir/build.make:87：cmTC_33715] 错误 1
make[1]: 离开目录“/home/will/Tutorial_to_UR5e/catkin_ws/build/CMakeFiles/CMakeTmp”
make: *** [Makefile:121：cmTC_33715/fast] 错误 2


Source file was:
#include <pthread.h>

void* test_func(void* data)
{
  return data;
}

int main(void)
{
  pthread_t thread;
  pthread_create(&thread, NULL, test_func, NULL);
  pthread_detach(thread);
  pthread_join(thread, NULL);
  pthread_atfork(NULL, NULL, NULL);
  pthread_exit(NULL);

  return 0;
}

Determining if the function pthread_create exists in the pthreads failed with the following output:
Change Dir: /home/will/Tutorial_to_UR5e/catkin_ws/build/CMakeFiles/CMakeTmp

Run Build Command(s):/usr/bin/make cmTC_733ac/fast && /usr/bin/make -f CMakeFiles/cmTC_733ac.dir/build.make CMakeFiles/cmTC_733ac.dir/build
make[1]: 进入目录“/home/will/Tutorial_to_UR5e/catkin_ws/build/CMakeFiles/CMakeTmp”
Building C object CMakeFiles/cmTC_733ac.dir/CheckFunctionExists.c.o
/usr/bin/cc   -DCHECK_FUNCTION_EXISTS=pthread_create   -o CMakeFiles/cmTC_733ac.dir/CheckFunctionExists.c.o   -c /usr/share/cmake-3.16/Modules/CheckFunctionExists.c
Linking C executable cmTC_733ac
/usr/bin/cmake -E cmake_link_script CMakeFiles/cmTC_733ac.dir/link.txt --verbose=1
/usr/bin/cc  -DCHECK_FUNCTION_EXISTS=pthread_create    -rdynamic CMakeFiles/cmTC_733ac.dir/CheckFunctionExists.c.o  -o cmTC_733ac  -lpthreads 
/usr/bin/ld: 找不到 -lpthreads
collect2: error: ld returned 1 exit status
make[1]: *** [CMakeFiles/cmTC_733ac.dir/build.make:87：cmTC_733ac] 错误 1
make[1]: 离开目录“/home/will/Tutorial_to_UR5e/catkin_ws/build/CMakeFiles/CMakeTmp”
make: *** [Makefile:121：cmTC_733ac/fast] 错误 2



